<?xml version="1.0" encoding="UTF-8"?>
<robot generator="Robot 7.2.2 (Python 3.13.3 on win32)" generated="2025-05-07T10:14:21.822648" rpa="false" schemaversion="5">
<suite id="s1" name="Login Test" source="C:\Users\JerielEscoses\robot-demo\tests\login_test.robot">
<test id="s1-t1" name="Login With Valid Credentials" line="6">
<kw name="Open Browser" owner="SeleniumLibrary">
<msg time="2025-05-07T10:14:22.076671" level="INFO">Opening browser 'Chrome' to base url 'https://prod-app.wageloch.com.au/'.</msg>
<arg>${URL}</arg>
<arg>Chrome</arg>
<doc>Opens a new browser instance to the optional ``url``.</doc>
<status status="PASS" start="2025-05-07T10:14:22.076479" elapsed="5.489044"/>
</kw>
<kw name="Input Text" owner="SeleniumLibrary">
<msg time="2025-05-07T10:14:27.568486" level="INFO">Typing text 'jeriel_test@wageloch.com.au' into text field 'xpath=//*[@id="txtemailaddr"]'.</msg>
<arg>xpath=//*[@id="txtemailaddr"]</arg>
<arg>${USER}</arg>
<doc>Types the given ``text`` into the text field identified by ``locator``.</doc>
<status status="PASS" start="2025-05-07T10:14:27.567401" elapsed="0.134037"/>
</kw>
<kw name="Input Text" owner="SeleniumLibrary">
<msg time="2025-05-07T10:14:27.702363" level="INFO">Typing text 'Password123' into text field 'xpath=//*[@id="txtpassword"]'.</msg>
<arg>xpath=//*[@id="txtpassword"]</arg>
<arg>${PASS}</arg>
<doc>Types the given ``text`` into the text field identified by ``locator``.</doc>
<status status="PASS" start="2025-05-07T10:14:27.702036" elapsed="0.115571"/>
</kw>
<kw name="Click Button" owner="SeleniumLibrary">
<msg time="2025-05-07T10:14:27.819249" level="INFO">Clicking button 'xpath=//*[@id="btnlogin"]'.</msg>
<arg>xpath=//*[@id="btnlogin"]</arg>
<doc>Clicks the button identified by ``locator``.</doc>
<status status="PASS" start="2025-05-07T10:14:27.818898" elapsed="0.322046"/>
</kw>
<kw name="Sleep" owner="BuiltIn">
<msg time="2025-05-07T10:14:33.141985" level="INFO">Slept 5 seconds.</msg>
<arg>5</arg>
<doc>Pauses the test executed for the given time.</doc>
<status status="PASS" start="2025-05-07T10:14:28.141328" elapsed="5.000903"/>
</kw>
<kw name="Close Browser" owner="SeleniumLibrary">
<doc>Closes the current browser.</doc>
<status status="PASS" start="2025-05-07T10:14:33.142879" elapsed="2.419056"/>
</kw>
<status status="PASS" start="2025-05-07T10:14:22.075612" elapsed="13.487074"/>
</test>
<status status="PASS" start="2025-05-07T10:14:21.824070" elapsed="13.740722"/>
</suite>
<statistics>
<total>
<stat pass="1" fail="0" skip="0">All Tests</stat>
</total>
<tag>
</tag>
<suite>
<stat name="Login Test" id="s1" pass="1" fail="0" skip="0">Login Test</stat>
</suite>
</statistics>
<errors>
</errors>
</robot>
